2015-02-20 11:09:11.052 [WARN ] [o.config.core.ConfigDispatcher] - Main openHAB configuration file 'configurations/openhab.cfg' does not exist.
2015-02-20 11:09:11.276 [INFO ] [.o.core.internal.CoreActivator] - openHAB runtime has been started (v1.6.2).
2015-02-20 11:09:43.962 [INFO ] [o.o.i.s.i.DiscoveryServiceImpl] - mDNS service has been started
2015-02-20 11:09:45.122 [INFO ] [o.o.i.s.i.DiscoveryServiceImpl] - Service Discovery initialization completed.
2015-02-20 11:10:27.656 [INFO ] [c.internal.ModelRepositoryImpl] - Loading model 'default.sitemap'
2015-02-20 11:10:55.741 [INFO ] [penhab.io.rest.RESTApplication] - Started REST API at /rest
2015-02-20 11:11:02.550 [INFO ] [.o.u.w.i.servlet.WebAppServlet] - Started Classic UI at /openhab.app
2015-02-20 11:13:11.266 [WARN ] [o.u.i.items.ItemUIRegistryImpl] - Cannot find page for id 'HomeAutomation1'.
2015-02-20 11:13:20.578 [WARN ] [org.eclipse.jetty.io.nio      ] - javax.net.ssl.SSLException: Inbound closed before receiving peer's close_notify: possible truncation attack?
2015-02-20 11:16:04.727 [INFO ] [penhab.io.rest.RESTApplication] - Stopped REST API
2015-02-20 11:16:09.513 [INFO ] [.o.u.w.i.servlet.WebAppServlet] - Stopped Classic UI
2015-02-20 11:18:03.252 [WARN ] [o.config.core.ConfigDispatcher] - Main openHAB configuration file 'configurations/openhab.cfg' does not exist.
2015-02-20 11:18:03.570 [INFO ] [.o.core.internal.CoreActivator] - openHAB runtime has been started (v1.6.2).
2015-02-20 11:18:42.821 [INFO ] [o.o.i.s.i.DiscoveryServiceImpl] - mDNS service has been started
2015-02-20 11:18:43.993 [INFO ] [o.o.i.s.i.DiscoveryServiceImpl] - Service Discovery initialization completed.
2015-02-20 11:20:29.441 [INFO ] [.o.core.internal.CoreActivator] - openHAB runtime has been started (v1.6.2).
2015-02-20 11:22:01.378 [INFO ] [o.o.i.s.i.DiscoveryServiceImpl] - mDNS service has been started
2015-02-20 11:22:03.314 [INFO ] [o.o.i.s.i.DiscoveryServiceImpl] - Service Discovery initialization completed.
2015-02-20 11:22:05.597 [INFO ] [.io.transport.mqtt.MqttService] - MQTT Service initialization completed.
2015-02-20 11:22:05.615 [INFO ] [o.i.t.m.i.MqttBrokerConnection] - Starting MQTT broker connection 'localbroker'
2015-02-20 11:23:46.527 [INFO ] [c.internal.ModelRepositoryImpl] - Loading model 'default.sitemap'
2015-02-20 11:25:34.178 [INFO ] [penhab.io.rest.RESTApplication] - Started REST API at /rest
2015-02-20 11:25:44.430 [INFO ] [.o.u.w.i.servlet.WebAppServlet] - Started Classic UI at /openhab.app
2015-02-20 11:35:45.709 [INFO ] [c.internal.ModelRepositoryImpl] - Loading model 'Items.items'
2015-02-20 11:35:46.424 [ERROR] [i.internal.GenericItemProvider] - Binding configuration of type 'mqtt' of item ‘LivingRoomTemp1‘ could not be parsed correctly.
org.openhab.model.item.binding.BindingConfigParseException: Configuration 'localBroker:/LivingRoom/Temp/1' is not a valid inbound configuration: Configuration requires 4 or 5 parameters separated by ':'
	at org.openhab.binding.mqtt.internal.MqttMessageSubscriber.<init>(MqttMessageSubscriber.java:106) ~[na:na]
	at org.openhab.binding.mqtt.internal.MqttItemConfig.<init>(MqttItemConfig.java:60) ~[na:na]
	at org.openhab.binding.mqtt.internal.MqttGenericBindingProvider.processBindingConfiguration(MqttGenericBindingProvider.java:59) ~[na:na]
	at org.openhab.model.item.internal.GenericItemProvider.internalDispatchBindings(GenericItemProvider.java:341) [org.openhab.model.item_1.6.2.jar:na]
	at org.openhab.model.item.internal.GenericItemProvider.internalDispatchBindings(GenericItemProvider.java:317) [org.openhab.model.item_1.6.2.jar:na]
	at org.openhab.model.item.internal.GenericItemProvider.processBindingConfigsFromModel(GenericItemProvider.java:171) [org.openhab.model.item_1.6.2.jar:na]
	at org.openhab.model.item.internal.GenericItemProvider.modelChanged(GenericItemProvider.java:379) [org.openhab.model.item_1.6.2.jar:na]
	at org.openhab.model.core.internal.ModelRepositoryImpl.notifyListeners(ModelRepositoryImpl.java:158) ~[na:na]
	at org.openhab.model.core.internal.ModelRepositoryImpl.addOrRefreshModel(ModelRepositoryImpl.java:84) ~[na:na]
	at org.openhab.model.core.internal.folder.FolderObserver.checkFolder(FolderObserver.java:142) ~[na:na]
	at org.openhab.model.core.internal.folder.FolderObserver.run(FolderObserver.java:99) ~[na:na]
2015-02-20 11:35:56.582 [INFO ] [c.internal.ModelRepositoryImpl] - Refreshing model 'default.sitemap'
2015-02-20 11:38:17.394 [INFO ] [c.internal.ModelRepositoryImpl] - Refreshing model 'Items.items'
2015-02-20 11:38:17.465 [ERROR] [i.internal.GenericItemProvider] - Binding configuration of type 'mqtt' of item ‘LivingRoomTemp1‘ could not be parsed correctly.
org.openhab.model.item.binding.BindingConfigParseException: Configuration 'localBroker:/LivingRoom/Temp/1:status' is not a valid inbound configuration: Configuration requires 4 or 5 parameters separated by ':'
	at org.openhab.binding.mqtt.internal.MqttMessageSubscriber.<init>(MqttMessageSubscriber.java:106) ~[na:na]
	at org.openhab.binding.mqtt.internal.MqttItemConfig.<init>(MqttItemConfig.java:60) ~[na:na]
	at org.openhab.binding.mqtt.internal.MqttGenericBindingProvider.processBindingConfiguration(MqttGenericBindingProvider.java:59) ~[na:na]
	at org.openhab.model.item.internal.GenericItemProvider.internalDispatchBindings(GenericItemProvider.java:341) [org.openhab.model.item_1.6.2.jar:na]
	at org.openhab.model.item.internal.GenericItemProvider.internalDispatchBindings(GenericItemProvider.java:317) [org.openhab.model.item_1.6.2.jar:na]
	at org.openhab.model.item.internal.GenericItemProvider.processBindingConfigsFromModel(GenericItemProvider.java:171) [org.openhab.model.item_1.6.2.jar:na]
	at org.openhab.model.item.internal.GenericItemProvider.modelChanged(GenericItemProvider.java:379) [org.openhab.model.item_1.6.2.jar:na]
	at org.openhab.model.core.internal.ModelRepositoryImpl.notifyListeners(ModelRepositoryImpl.java:158) ~[na:na]
	at org.openhab.model.core.internal.ModelRepositoryImpl.addOrRefreshModel(ModelRepositoryImpl.java:99) ~[na:na]
	at org.openhab.model.core.internal.folder.FolderObserver.checkFolder(FolderObserver.java:142) ~[na:na]
	at org.openhab.model.core.internal.folder.FolderObserver.run(FolderObserver.java:99) ~[na:na]
2015-02-20 11:39:17.782 [INFO ] [c.internal.ModelRepositoryImpl] - Refreshing model 'Items.items'
2015-02-20 11:39:17.861 [ERROR] [i.internal.GenericItemProvider] - Binding configuration of type 'mqtt' of item ‘LivingRoomTemp1‘ could not be parsed correctly.
org.openhab.model.item.binding.BindingConfigParseException: Configuration 'localBroker:/LivingRoom/Temp/1:status:default' is not a valid inbound configuration: Invalid type.
	at org.openhab.binding.mqtt.internal.MqttMessageSubscriber.<init>(MqttMessageSubscriber.java:106) ~[na:na]
	at org.openhab.binding.mqtt.internal.MqttItemConfig.<init>(MqttItemConfig.java:60) ~[na:na]
	at org.openhab.binding.mqtt.internal.MqttGenericBindingProvider.processBindingConfiguration(MqttGenericBindingProvider.java:59) ~[na:na]
	at org.openhab.model.item.internal.GenericItemProvider.internalDispatchBindings(GenericItemProvider.java:341) [org.openhab.model.item_1.6.2.jar:na]
	at org.openhab.model.item.internal.GenericItemProvider.internalDispatchBindings(GenericItemProvider.java:317) [org.openhab.model.item_1.6.2.jar:na]
	at org.openhab.model.item.internal.GenericItemProvider.processBindingConfigsFromModel(GenericItemProvider.java:171) [org.openhab.model.item_1.6.2.jar:na]
	at org.openhab.model.item.internal.GenericItemProvider.modelChanged(GenericItemProvider.java:379) [org.openhab.model.item_1.6.2.jar:na]
	at org.openhab.model.core.internal.ModelRepositoryImpl.notifyListeners(ModelRepositoryImpl.java:158) ~[na:na]
	at org.openhab.model.core.internal.ModelRepositoryImpl.addOrRefreshModel(ModelRepositoryImpl.java:99) ~[na:na]
	at org.openhab.model.core.internal.folder.FolderObserver.checkFolder(FolderObserver.java:142) ~[na:na]
	at org.openhab.model.core.internal.folder.FolderObserver.run(FolderObserver.java:99) ~[na:na]
2015-02-20 11:41:28.540 [INFO ] [c.internal.ModelRepositoryImpl] - Refreshing model 'Items.items'
2015-02-20 11:45:40.200 [INFO ] [c.internal.ModelRepositoryImpl] - Refreshing model 'default.sitemap'
2015-02-20 11:47:10.969 [INFO ] [c.internal.ModelRepositoryImpl] - Refreshing model 'default.sitemap'
2015-02-20 11:47:41.447 [INFO ] [c.internal.ModelRepositoryImpl] - Refreshing model 'default.sitemap'
2015-02-20 11:49:22.414 [INFO ] [c.internal.ModelRepositoryImpl] - Refreshing model 'default.sitemap'
2015-02-20 11:49:22.689 [INFO ] [c.internal.ModelRepositoryImpl] - Refreshing model 'Items.items'
2015-02-20 11:49:32.787 [INFO ] [c.internal.ModelRepositoryImpl] - Refreshing model 'default.sitemap'
2015-02-20 14:28:57.470 [INFO ] [penhab.io.rest.RESTApplication] - Stopped REST API
2015-02-20 14:29:02.211 [INFO ] [.o.u.w.i.servlet.WebAppServlet] - Stopped Classic UI
2015-02-20 14:41:32.553 [INFO ] [.o.core.internal.CoreActivator] - openHAB runtime has been started (v1.6.2).
2015-02-20 14:42:02.299 [INFO ] [o.o.i.s.i.DiscoveryServiceImpl] - mDNS service has been started
2015-02-20 14:42:03.332 [INFO ] [o.o.i.s.i.DiscoveryServiceImpl] - Service Discovery initialization completed.
2015-02-20 14:42:03.425 [INFO ] [.io.transport.mqtt.MqttService] - MQTT Service initialization completed.
2015-02-20 14:42:03.432 [INFO ] [o.i.t.m.i.MqttBrokerConnection] - Starting MQTT broker connection 'localbroker'
2015-02-20 14:42:23.586 [INFO ] [c.internal.ModelRepositoryImpl] - Loading model 'Items.items'
2015-02-20 14:42:41.955 [INFO ] [c.internal.ModelRepositoryImpl] - Loading model 'default.sitemap'
2015-02-20 14:43:18.780 [INFO ] [penhab.io.rest.RESTApplication] - Started REST API at /rest
2015-02-20 14:43:18.822 [INFO ] [.o.u.w.i.servlet.WebAppServlet] - Started Classic UI at /openhab.app
2015-02-20 14:48:16.998 [INFO ] [c.internal.ModelRepositoryImpl] - Loading model 'rrd4j.persist'
2015-02-20 14:48:57.654 [INFO ] [c.internal.ModelRepositoryImpl] - Refreshing model 'rrd4j.persist'
2015-02-20 14:49:49.269 [INFO ] [c.internal.ModelRepositoryImpl] - Refreshing model 'default.sitemap'
2015-02-20 14:49:59.755 [INFO ] [c.internal.ModelRepositoryImpl] - Refreshing model 'default.sitemap'
2015-02-20 14:50:06.213 [WARN ] [o.o.u.w.i.render.ChartRenderer] - Chart cannot be rendered as item 'LivingRoomTemp' does not exist.
2015-02-20 14:50:09.876 [INFO ] [c.internal.ModelRepositoryImpl] - Refreshing model 'default.sitemap'
